0 info it worked if it ends with ok
1 verbose cli [ 'C:\\Users\\tboursier\\Documents\\Aptana Studio 3 Workspace\\needid_site\\\\node.exe',
1 verbose cli   'C:\\Users\\tboursier\\Documents\\Aptana Studio 3 Workspace\\needid_site\\node_modules\\npm\\bin\\npm-cli.js',
1 verbose cli   'install' ]
2 info using npm@2.7.4
3 info using node@v0.12.2
4 verbose node symlink C:\Users\tboursier\Documents\Aptana Studio 3 Workspace\needid_site\\node.exe
5 error install Couldn't read dependencies
6 verbose stack Error: Invalid name: "Jocular Octo Woof"
6 verbose stack     at ensureValidName (C:\Users\tboursier\Documents\Aptana Studio 3 Workspace\needid_site\node_modules\npm\node_modules\normalize-package-data\lib\fixer.js:322:15)
6 verbose stack     at Object.module.exports.fixNameField (C:\Users\tboursier\Documents\Aptana Studio 3 Workspace\needid_site\node_modules\npm\node_modules\normalize-package-data\lib\fixer.js:211:5)
6 verbose stack     at C:\Users\tboursier\Documents\Aptana Studio 3 Workspace\needid_site\node_modules\npm\node_modules\normalize-package-data\lib\normalize.js:30:38
6 verbose stack     at Array.forEach (native)
6 verbose stack     at normalize (C:\Users\tboursier\Documents\Aptana Studio 3 Workspace\needid_site\node_modules\npm\node_modules\normalize-package-data\lib\normalize.js:29:15)
6 verbose stack     at final (C:\Users\tboursier\Documents\Aptana Studio 3 Workspace\needid_site\node_modules\npm\node_modules\read-package-json\read-json.js:368:33)
6 verbose stack     at then (C:\Users\tboursier\Documents\Aptana Studio 3 Workspace\needid_site\node_modules\npm\node_modules\read-package-json\read-json.js:127:33)
6 verbose stack     at C:\Users\tboursier\Documents\Aptana Studio 3 Workspace\needid_site\node_modules\npm\node_modules\read-package-json\read-json.js:332:40
6 verbose stack     at evalmachine.<anonymous>:334:14
6 verbose stack     at C:\Users\tboursier\Documents\Aptana Studio 3 Workspace\needid_site\node_modules\npm\node_modules\graceful-fs\graceful-fs.js:102:5
7 verbose cwd D:\thibault\github-projects\jocular-octo-woof
8 error Windows_NT 6.1.7601
9 error argv "C:\\Users\\tboursier\\Documents\\Aptana Studio 3 Workspace\\needid_site\\\\node.exe" "C:\\Users\\tboursier\\Documents\\Aptana Studio 3 Workspace\\needid_site\\node_modules\\npm\\bin\\npm-cli.js" "install"
10 error node v0.12.2
11 error npm  v2.7.4
12 error Invalid name: "Jocular Octo Woof"
13 error If you need help, you may report this error at:
13 error     <https://github.com/npm/npm/issues>
14 verbose exit [ 1, true ]
